<?xml version="1.0" encoding="UTF-8"?>
<!-- Generated by org.testng.reporters.JUnitReportReporter -->
<testsuite hostname="HomePc" name="com.MyFrame.Testcases.TC_Loginpage_001" tests="1" failures="0" timestamp="20 Feb 2024 13:20:33 GMT" time="4.274" errors="0">
  <testcase name="loginTest" time="4.274" classname="com.MyFrame.Testcases.TC_Loginpage_001"/>
</testsuite> <!-- com.MyFrame.Testcases.TC_Loginpage_001 -->
